<?xml version="1.0" encoding="UTF-8"?>
<testsuite name="Validate that the JSONPlaceHolder API returns the registered users" tests="2" skipped="0" failures="0" errors="0" timestamp="2022-07-21T20:24:08" hostname="LAPTOP-MEIFSGUP" time="4.405">
  <properties/>
  <testcase name="Search users by id in the JSONPlaceHolder API" classname="Validate that the JSONPlaceHolder API returns the registered users" time="4.068"/>
  <testcase name="Search users by id in the JSONPlaceHolder API" classname="Validate that the JSONPlaceHolder API returns the registered users" time="0.328"/>
  <system-out><![CDATA[]]></system-out>
  <system-err><![CDATA[5269 [Test worker] INFO net.thucydides.core.steps.ConsoleLoggingListener - 
        __    _____ _____ ____ _____   ____   _    ____  ____  _____ ____  
  _     \ \  |_   _| ____/ ___|_   _| |  _ \ / \  / ___|/ ___|| ____|  _ \ 
 (_)_____| |   | | |  _| \___ \ | |   | |_) / _ \ \___ \\___ \|  _| | | | |
  _|_____| |   | | | |___ ___) || |   |  __/ ___ \ ___) |___) | |___| |_| |
 (_)     | |   |_| |_____|____/ |_|   |_| /_/   \_\____/|____/|_____|____/ 
        /_/                                                                

TEST PASSED: Search users by id in the JSONPlaceHolder API
----------------------------------------------------------------------------
5597 [Test worker] INFO net.thucydides.core.steps.ConsoleLoggingListener - 
        __    _____ _____ ____ _____   ____   _    ____  ____  _____ ____  
  _     \ \  |_   _| ____/ ___|_   _| |  _ \ / \  / ___|/ ___|| ____|  _ \ 
 (_)_____| |   | | |  _| \___ \ | |   | |_) / _ \ \___ \\___ \|  _| | | | |
  _|_____| |   | | | |___ ___) || |   |  __/ ___ \ ___) |___) | |___| |_| |
 (_)     | |   |_| |_____|____/ |_|   |_| /_/   \_\____/|____/|_____|____/ 
        /_/                                                                

TEST PASSED: Search users by id in the JSONPlaceHolder API
----------------------------------------------------------------------------
]]></system-err>
</testsuite>
